[15:07:14] [ServerMain/WARN]: Invalid registry value type detected for PerfOS counters. Should be REG_DWORD. Ignoring: HKEY_LOCAL_MACHINE\SYSTEM\CurrentControlSet\Services\PerfOS\Performance\Disable Performance Counters.
[15:07:17] [ServerMain/INFO]: Environment: Environment[sessionHost=https://sessionserver.mojang.com, servicesHost=https://api.minecraftservices.com, profilesHost=https://api.mojang.com, name=PROD]
[15:07:18] [ServerMain/INFO]: Loaded 1461 recipes
[15:07:18] [ServerMain/INFO]: Loaded 1574 advancements
[15:07:19] [Server thread/INFO]: Starting minecraft server version 1.21.10
[15:07:19] [Server thread/INFO]: Loading properties
[15:07:19] [Server thread/INFO]: Default game type: SURVIVAL
[15:07:19] [Server thread/INFO]: Generating keypair
[15:07:19] [Server thread/INFO]: Starting Minecraft server on *:25565
[15:07:19] [Server thread/INFO]: Using default channel type
[15:07:19] [Server thread/INFO]: Preparing level "world"
[15:07:19] [Server thread/INFO]: Loading 0 persistent chunks...
[15:07:19] [Server thread/INFO]: Preparing spawn area: 100%
[15:07:19] [Server thread/INFO]: Time elapsed: 74 ms
[15:07:19] [Server thread/INFO]: Done (0.279s)! For help, type "help"
[15:07:24] [User Authenticator #1/INFO]: UUID of player lettuceduck is b674214c-fb6d-4026-87d6-a7c4412a942b
[15:07:24] [Server thread/INFO]: lettuceduck[/127.0.0.1:51681] logged in with entity id 70 at (-7.935941026856303, 80.0, 103.74910496071566)
[15:07:24] [Server thread/INFO]: lettuceduck joined the game
[15:07:26] [Server thread/INFO]: lettuceduck lost connection: Disconnected
[15:07:26] [Server thread/INFO]: lettuceduck left the game
